\BOOKMARK [0][-]{chapter.1}{\376\377\000I\000N\000T\000R\000O\000D\000U\000\307\000\303\000O}{}% 1
\BOOKMARK [0][-]{chapter.2}{\376\377\000R\000E\000F\000E\000R\000E\000N\000C\000I\000A\000L\000\040\000T\000E\000\323\000R\000I\000C\000O}{}% 2
\BOOKMARK [1][-]{section.2.1}{\376\377\000A\000\040\000b\000a\000n\000a\000n\000e\000i\000r\000a}{chapter.2}% 3
\BOOKMARK [1][-]{section.2.2}{\376\377\000G\000r\000a\000n\000d\000e\000\040\000N\000a\000i\000n\000e}{chapter.2}% 4
\BOOKMARK [1][-]{section.2.3}{\376\377\000P\000R\000A\000T\000A\000\040\000G\000O\000R\000U\000T\000U\000B\000A}{chapter.2}% 5
\BOOKMARK [1][-]{section.2.4}{\376\377\000M\000a\000\347\000\343}{chapter.2}% 6
\BOOKMARK [1][-]{section.2.5}{\376\377\000B\000R\000S\000\040\000P\000r\000i\000n\000c\000e\000s\000a}{chapter.2}% 7
\BOOKMARK [1][-]{section.2.6}{\376\377\000B\000o\000k\000a\000s\000h\000i}{chapter.2}% 8
\BOOKMARK [0][-]{chapter.3}{\376\377\000M\000a\000t\000e\000r\000i\000a\000i\000s\000\040\000e\000\040\000M\000\351\000t\000o\000d\000o\000s}{}% 9
\BOOKMARK [1][-]{section.3.1}{\376\377\000M\000a\000t\000e\000r\000i\000a\000l\000\040\000G\000e\000n\000\351\000t\000i\000c\000o}{chapter.3}% 10
\BOOKMARK [1][-]{section.3.2}{\376\377\000O\000r\000g\000a\000n\000i\000z\000a\000\347\000\343\000o\000\040\000d\000o\000\040\000e\000x\000p\000e\000r\000i\000m\000e\000n\000t\000o}{chapter.3}% 11
\BOOKMARK [1][-]{section.3.3}{\376\377\000L\000i\000s\000t\000a\000\040\000d\000e\000\040\000t\000r\000a\000t\000a\000m\000e\000n\000t\000o\000s}{chapter.3}% 12
\BOOKMARK [1][-]{section.3.4}{\376\377\000C\000a\000r\000a\000c\000t\000e\000r\000\355\000s\000t\000i\000c\000a\000s\000\040\000A\000v\000a\000l\000i\000a\000d\000a\000s}{chapter.3}% 13
\BOOKMARK [1][-]{section.3.5}{\376\377\000E\000s\000t\000a\000t\000\355\000s\000t\000i\000c\000a}{chapter.3}% 14
\BOOKMARK [0][-]{chapter.4}{\376\377\000R\000e\000s\000u\000l\000t\000a\000d\000o\000\040\000e\000\040\000D\000i\000s\000c\000u\000s\000s\000\343\000o}{}% 15
\BOOKMARK [1][-]{section.4.1}{\376\377\000G\000r\000a\000n\000d\000e\000\040\000N\000a\000i\000n\000e}{chapter.4}% 16
\BOOKMARK [1][-]{section.4.2}{\376\377\000G\000o\000r\000u\000t\000u\000b\000a}{chapter.4}% 17
\BOOKMARK [1][-]{section.4.3}{\376\377\000P\000r\000i\000n\000c\000e\000s\000a}{chapter.4}% 18
\BOOKMARK [1][-]{section.4.4}{\376\377\000M\000a\000\347\000\343}{chapter.4}% 19
\BOOKMARK [0][-]{chapter.5}{\376\377\000C\000O\000N\000C\000L\000U\000S\000\303\000O}{}% 20
\BOOKMARK [0][-]{section*.1}{\376\377\000\040\000R\000E\000F\000E\000R\000\312\000N\000C\000I\000A\000S}{}% 21
